# JRE version: OpenJDK Runtime Environment Corretto-17.0.11.9.1 (17.0.11+9) (build 17.0.11+9-LTS)
# Java VM: OpenJDK 64-Bit Server VM Corretto-17.0.11.9.1 (17.0.11+9-LTS, mixed mode, sharing, tiered, compressed oops, compressed class ptrs, g1 gc, windows-amd64)
GC Precious Log:
 CPUs: 4 total, 4 available
 Memory: 3066M
 Large Page Support: Disabled
 NUMA Support: Disabled
 Compressed Oops: Enabled (32-bit)
 Heap Region Size: 1M
 Heap Min Capacity: 8M
 Heap Initial Capacity: 48M
 Heap Max Capacity: 768M
 Pre-touch: Disabled
 Parallel Workers: 4
 Concurrent Workers: 1
 Concurrent Refinement Workers: 4
 Periodic GC: Disabled
Heap:
 garbage-first heap   total 49152K, used 18733K [0x00000000d0000000, 0x0000000100000000)
  region size 1024K, 14 young (14336K), 4 survivors (4096K)
 Metaspace       used 16213K, committed 16512K, reserved 1114112K
  class space    used 2240K, committed 2368K, reserved 1048576K
GC Heap History (6 events):
Event: 1.265 GC heap before
{Heap before GC invocations=0 (full 0):
 garbage-first heap   total 49152K, used 13312K [0x00000000d0000000, 0x0000000100000000)
  region size 1024K, 13 young (13312K), 0 survivors (0K)
 Metaspace       used 2912K, committed 3072K, reserved 1114112K
  class space    used 307K, committed 384K, reserved 1048576K
}
Event: 1.272 GC heap after
{Heap after GC invocations=1 (full 0):
 garbage-first heap   total 49152K, used 1808K [0x00000000d0000000, 0x0000000100000000)
  region size 1024K, 2 young (2048K), 2 survivors (2048K)
 Metaspace       used 2912K, committed 3072K, reserved 1114112K
  class space    used 307K, committed 384K, reserved 1048576K
}
Event: 1.894 GC heap before
{Heap before GC invocations=1 (full 0):
 garbage-first heap   total 49152K, used 18192K [0x00000000d0000000, 0x0000000100000000)
  region size 1024K, 19 young (19456K), 2 survivors (2048K)
 Metaspace       used 7922K, committed 8064K, reserved 1114112K
  class space    used 1019K, committed 1088K, reserved 1048576K
}
Event: 1.903 GC heap after
{Heap after GC invocations=2 (full 0):
 garbage-first heap   total 49152K, used 3973K [0x00000000d0000000, 0x0000000100000000)
  region size 1024K, 3 young (3072K), 3 survivors (3072K)
 Metaspace       used 7922K, committed 8064K, reserved 1114112K
  class space    used 1019K, committed 1088K, reserved 1048576K
}
Event: 9.432 GC heap before
{Heap before GC invocations=2 (full 0):
 garbage-first heap   total 49152K, used 36741K [0x00000000d0000000, 0x0000000100000000)
  region size 1024K, 28 young (28672K), 3 survivors (3072K)
 Metaspace       used 14821K, committed 15104K, reserved 1114112K
  class space    used 2130K, committed 2240K, reserved 1048576K
}
Event: 9.449 GC heap after
{Heap after GC invocations=3 (full 0):
 garbage-first heap   total 49152K, used 9517K [0x00000000d0000000, 0x0000000100000000)
  region size 1024K, 4 young (4096K), 4 survivors (4096K)
 Metaspace       used 14821K, committed 15104K, reserved 1114112K
  class space    used 2130K, committed 2240K, reserved 1048576K
}

